[0.065s] Invoking command in '/home/roy/odri_dev/workspace/build/pybind11': /usr/bin/cmake /home/roy/odri_dev/workspace/src/pybind11 -DCMAKE_BUILD_TYPE=Release -DCMAKE_INSTALL_PREFIX=/home/roy/odri_dev/workspace/install/pybind11
[0.252s] -- Building tests with Eigen v3.3.7
[0.274s] -- Catch not detected. Interpreter tests will be skipped. Install Catch headers manually or use `cmake -DDOWNLOAD_CATCH=1` to fetch them automatically.
[0.289s] -- pybind11 v2.5.0
[0.295s] -- Configuring done
[0.341s] -- Generating done
[0.353s] -- Build files have been written to: /home/roy/odri_dev/workspace/build/pybind11
[0.358s] Invoked command in '/home/roy/odri_dev/workspace/build/pybind11' returned '0': /usr/bin/cmake /home/roy/odri_dev/workspace/src/pybind11 -DCMAKE_BUILD_TYPE=Release -DCMAKE_INSTALL_PREFIX=/home/roy/odri_dev/workspace/install/pybind11
[0.366s] Invoking command in '/home/roy/odri_dev/workspace/build/pybind11': /usr/bin/cmake --build /home/roy/odri_dev/workspace/build/pybind11 -- -j8 -l8
[0.493s] [  4%] Built target cross_module_gil_utils
[0.495s] [  7%] [32mBuilding CXX object tests/CMakeFiles/pybind11_cross_module_tests.dir/pybind11_cross_module_tests.cpp.o[0m
[0.543s] [  9%] [32mBuilding CXX object tests/CMakeFiles/pybind11_tests.dir/test_docstring_options.cpp.o[0m
[0.546s] [ 11%] [32mBuilding CXX object tests/CMakeFiles/pybind11_tests.dir/test_copy_move.cpp.o[0m
[0.552s] [ 14%] [32mBuilding CXX object tests/CMakeFiles/pybind11_tests.dir/test_class.cpp.o[0m
[0.554s] [ 16%] [32mBuilding CXX object tests/CMakeFiles/pybind11_tests.dir/test_constants_and_functions.cpp.o[0m
[0.570s] [ 19%] [32mBuilding CXX object tests/CMakeFiles/pybind11_tests.dir/test_eigen.cpp.o[0m
[0.588s] [ 21%] [32mBuilding CXX object tests/CMakeFiles/pybind11_tests.dir/test_enum.cpp.o[0m
[0.591s] [ 23%] [32mBuilding CXX object tests/CMakeFiles/pybind11_tests.dir/test_eval.cpp.o[0m
[11.645s] [ 26%] [32mBuilding CXX object tests/CMakeFiles/pybind11_tests.dir/test_exceptions.cpp.o[0m
[11.670s] [ 28%] [32mBuilding CXX object tests/CMakeFiles/pybind11_tests.dir/test_factory_constructors.cpp.o[0m
[15.050s] [ 30%] [32mBuilding CXX object tests/CMakeFiles/pybind11_tests.dir/test_gil_scoped.cpp.o[0m
[17.371s] [ 33%] [32mBuilding CXX object tests/CMakeFiles/pybind11_tests.dir/test_iostream.cpp.o[0m
[20.537s] [ 35%] [32mBuilding CXX object tests/CMakeFiles/pybind11_tests.dir/test_kwargs_and_defaults.cpp.o[0m
[23.324s] [ 38%] [32mBuilding CXX object tests/CMakeFiles/pybind11_tests.dir/test_local_bindings.cpp.o[0m
[26.320s] [ 40%] [32mBuilding CXX object tests/CMakeFiles/pybind11_tests.dir/test_methods_and_attributes.cpp.o[0m
[26.769s] [ 42%] [32mBuilding CXX object tests/CMakeFiles/pybind11_tests.dir/test_modules.cpp.o[0m
[29.918s] [ 45%] [32mBuilding CXX object tests/CMakeFiles/pybind11_tests.dir/test_multiple_inheritance.cpp.o[0m
[31.543s] make[2]: *** [tests/CMakeFiles/pybind11_tests.dir/build.make:323: tests/CMakeFiles/pybind11_tests.dir/test_methods_and_attributes.cpp.o] Interrupt
[31.544s] make[2]: *** [tests/CMakeFiles/pybind11_tests.dir/build.make:310: tests/CMakeFiles/pybind11_tests.dir/test_local_bindings.cpp.o] Interrupt
[31.544s] make[2]: *** [tests/CMakeFiles/pybind11_tests.dir/build.make:349: tests/CMakeFiles/pybind11_tests.dir/test_multiple_inheritance.cpp.o] Interrupt
[31.545s] make[2]: *** [tests/CMakeFiles/pybind11_tests.dir/build.make:258: tests/CMakeFiles/pybind11_tests.dir/test_factory_constructors.cpp.o] Interrupt
[31.545s] make[2]: *** wait: No child processes.  Stop.
[31.545s] make[2]: *** Waiting for unfinished jobs....
[31.545s] make[2]: *** wait: No child processes.  Stop.
[31.546s] make[2]: *** [tests/CMakeFiles/pybind11_tests.dir/build.make:297: tests/CMakeFiles/pybind11_tests.dir/test_kwargs_and_defaults.cpp.o] Interrupt
[31.546s] make[1]: *** [CMakeFiles/Makefile2:232: tests/CMakeFiles/pybind11_cross_module_tests.dir/all] Error 2
[31.546s] make[2]: *** [tests/CMakeFiles/pybind11_tests.dir/build.make:206: tests/CMakeFiles/pybind11_tests.dir/test_eigen.cpp.o] Interrupt
[31.546s] make[2]: *** [tests/CMakeFiles/pybind11_tests.dir/build.make:336: tests/CMakeFiles/pybind11_tests.dir/test_modules.cpp.o] Interrupt
[31.547s] make[1]: *** [CMakeFiles/Makefile2:259: tests/CMakeFiles/pybind11_tests.dir/all] Interrupt
[31.554s] make: *** [Makefile:130: all] Interrupt
[31.637s] Invoked command in '/home/roy/odri_dev/workspace/build/pybind11' returned '-2': /usr/bin/cmake --build /home/roy/odri_dev/workspace/build/pybind11 -- -j8 -l8
