make[2]: *** Deleting file '/home/roy/odri_dev/workspace/src/pybind11/tests/cross_module_gil_utils.cpython-38-x86_64-linux-gnu.so'
make[2]: *** [tests/CMakeFiles/pybind11_tests.dir/build.make:128: tests/CMakeFiles/pybind11_tests.dir/test_callbacks.cpp.o] Interrupt
make[2]: *** [tests/CMakeFiles/pybind11_tests.dir/build.make:115: tests/CMakeFiles/pybind11_tests.dir/test_call_policies.cpp.o] Interrupt
make[2]: *** [tests/CMakeFiles/pybind11_cross_module_tests.dir/build.make:63: tests/CMakeFiles/pybind11_cross_module_tests.dir/pybind11_cross_module_tests.cpp.o] Interrupt
make[1]: *** [CMakeFiles/Makefile2:232: tests/CMakeFiles/pybind11_cross_module_tests.dir/all] Interrupt
make[2]: *** [tests/CMakeFiles/pybind11_tests.dir/build.make:63: tests/CMakeFiles/pybind11_tests.dir/pybind11_tests.cpp.o] Interrupt
make[2]: *** [tests/CMakeFiles/pybind11_tests.dir/build.make:89: tests/CMakeFiles/pybind11_tests.dir/test_buffers.cpp.o] Interrupt
make[2]: *** [tests/CMakeFiles/pybind11_tests.dir/build.make:102: tests/CMakeFiles/pybind11_tests.dir/test_builtin_casters.cpp.o] Interrupt
make[2]: *** [tests/CMakeFiles/pybind11_tests.dir/build.make:141: tests/CMakeFiles/pybind11_tests.dir/test_chrono.cpp.o] Interrupt
make[1]: *** [CMakeFiles/Makefile2:259: tests/CMakeFiles/pybind11_tests.dir/all] Interrupt
make[2]: *** [tests/CMakeFiles/cross_module_gil_utils.dir/build.make:84: /home/roy/odri_dev/workspace/src/pybind11/tests/cross_module_gil_utils.cpython-38-x86_64-linux-gnu.so] Interrupt
make[1]: *** [CMakeFiles/Makefile2:205: tests/CMakeFiles/cross_module_gil_utils.dir/all] Interrupt
make: *** [Makefile:130: all] Interrupt
