[35m[1mScanning dependencies of target cross_module_gil_utils[0m
[35m[1mScanning dependencies of target pybind11_tests[0m
[35m[1mScanning dependencies of target pybind11_cross_module_tests[0m
[  2%] [32mBuilding CXX object tests/CMakeFiles/cross_module_gil_utils.dir/cross_module_gil_utils.cpp.o[0m
[  4%] [32mBuilding CXX object tests/CMakeFiles/pybind11_cross_module_tests.dir/pybind11_cross_module_tests.cpp.o[0m
[  7%] [32mBuilding CXX object tests/CMakeFiles/pybind11_tests.dir/test_async.cpp.o[0m
[  9%] [32mBuilding CXX object tests/CMakeFiles/pybind11_tests.dir/pybind11_tests.cpp.o[0m
[ 12%] [32mBuilding CXX object tests/CMakeFiles/pybind11_tests.dir/test_buffers.cpp.o[0m
[ 14%] [32mBuilding CXX object tests/CMakeFiles/pybind11_tests.dir/test_builtin_casters.cpp.o[0m
[ 17%] [32mBuilding CXX object tests/CMakeFiles/pybind11_tests.dir/test_callbacks.cpp.o[0m
[ 19%] [32mBuilding CXX object tests/CMakeFiles/pybind11_tests.dir/test_call_policies.cpp.o[0m
[ 21%] [32m[1mLinking CXX shared module /home/roy/odri_dev/workspace/src/pybind11/tests/cross_module_gil_utils.cpython-38-x86_64-linux-gnu.so[0m
[ 24%] [32mBuilding CXX object tests/CMakeFiles/pybind11_tests.dir/test_chrono.cpp.o[0m
make[2]: *** Deleting file '/home/roy/odri_dev/workspace/src/pybind11/tests/cross_module_gil_utils.cpython-38-x86_64-linux-gnu.so'
make[2]: *** [tests/CMakeFiles/pybind11_tests.dir/build.make:128: tests/CMakeFiles/pybind11_tests.dir/test_callbacks.cpp.o] Interrupt
make[2]: *** [tests/CMakeFiles/pybind11_tests.dir/build.make:115: tests/CMakeFiles/pybind11_tests.dir/test_call_policies.cpp.o] Interrupt
make[2]: *** [tests/CMakeFiles/pybind11_cross_module_tests.dir/build.make:63: tests/CMakeFiles/pybind11_cross_module_tests.dir/pybind11_cross_module_tests.cpp.o] Interrupt
make[1]: *** [CMakeFiles/Makefile2:232: tests/CMakeFiles/pybind11_cross_module_tests.dir/all] Interrupt
make[2]: *** [tests/CMakeFiles/pybind11_tests.dir/build.make:63: tests/CMakeFiles/pybind11_tests.dir/pybind11_tests.cpp.o] Interrupt
make[2]: *** [tests/CMakeFiles/pybind11_tests.dir/build.make:89: tests/CMakeFiles/pybind11_tests.dir/test_buffers.cpp.o] Interrupt
make[2]: *** [tests/CMakeFiles/pybind11_tests.dir/build.make:102: tests/CMakeFiles/pybind11_tests.dir/test_builtin_casters.cpp.o] Interrupt
make[2]: *** [tests/CMakeFiles/pybind11_tests.dir/build.make:141: tests/CMakeFiles/pybind11_tests.dir/test_chrono.cpp.o] Interrupt
make[1]: *** [CMakeFiles/Makefile2:259: tests/CMakeFiles/pybind11_tests.dir/all] Interrupt
make[2]: *** [tests/CMakeFiles/cross_module_gil_utils.dir/build.make:84: /home/roy/odri_dev/workspace/src/pybind11/tests/cross_module_gil_utils.cpython-38-x86_64-linux-gnu.so] Interrupt
make[1]: *** [CMakeFiles/Makefile2:205: tests/CMakeFiles/cross_module_gil_utils.dir/all] Interrupt
make: *** [Makefile:130: all] Interrupt
