[  4%] Built target cross_module_gil_utils
[  7%] [32mBuilding CXX object tests/CMakeFiles/pybind11_cross_module_tests.dir/pybind11_cross_module_tests.cpp.o[0m
[  9%] [32mBuilding CXX object tests/CMakeFiles/pybind11_tests.dir/test_class.cpp.o[0m
[ 12%] [32mBuilding CXX object tests/CMakeFiles/pybind11_tests.dir/test_local_bindings.cpp.o[0m
[ 14%] [32mBuilding CXX object tests/CMakeFiles/pybind11_tests.dir/test_factory_constructors.cpp.o[0m
[ 17%] [32mBuilding CXX object tests/CMakeFiles/pybind11_tests.dir/test_methods_and_attributes.cpp.o[0m
[ 19%] [32mBuilding CXX object tests/CMakeFiles/pybind11_tests.dir/test_multiple_inheritance.cpp.o[0m
[ 24%] [32mBuilding CXX object tests/CMakeFiles/pybind11_tests.dir/test_operator_overloading.cpp.o[0m
[ 24%] [32mBuilding CXX object tests/CMakeFiles/pybind11_tests.dir/test_numpy_array.cpp.o[0m
[ 26%] [32mBuilding CXX object tests/CMakeFiles/pybind11_tests.dir/test_pickling.cpp.o[0m
[ 29%] [32mBuilding CXX object tests/CMakeFiles/pybind11_tests.dir/test_pytypes.cpp.o[0m
[ 31%] [32mBuilding CXX object tests/CMakeFiles/pybind11_tests.dir/test_sequences_and_iterators.cpp.o[0m
[ 34%] [32mBuilding CXX object tests/CMakeFiles/pybind11_tests.dir/test_smart_ptr.cpp.o[0m
[ 36%] [32mBuilding CXX object tests/CMakeFiles/pybind11_tests.dir/test_stl.cpp.o[0m
[ 39%] [32mBuilding CXX object tests/CMakeFiles/pybind11_tests.dir/test_stl_binders.cpp.o[0m
[ 41%] [32mBuilding CXX object tests/CMakeFiles/pybind11_tests.dir/test_tagbased_polymorphic.cpp.o[0m
make[2]: *** [tests/CMakeFiles/pybind11_tests.dir/build.make:492: tests/CMakeFiles/pybind11_tests.dir/test_tagbased_polymorphic.cpp.o] Interrupt
make[2]: *** [tests/CMakeFiles/pybind11_tests.dir/build.make:297: tests/CMakeFiles/pybind11_tests.dir/test_local_bindings.cpp.o] Interrupt
make[2]: *** [tests/CMakeFiles/pybind11_cross_module_tests.dir/build.make:63: tests/CMakeFiles/pybind11_cross_module_tests.dir/pybind11_cross_module_tests.cpp.o] Interrupt
make[2]: *** [tests/CMakeFiles/pybind11_tests.dir/build.make:427: tests/CMakeFiles/pybind11_tests.dir/test_pytypes.cpp.o] Interrupt
make[2]: *** [tests/CMakeFiles/pybind11_tests.dir/build.make:453: tests/CMakeFiles/pybind11_tests.dir/test_smart_ptr.cpp.o] Interrupt
make[1]: *** [CMakeFiles/Makefile2:232: tests/CMakeFiles/pybind11_cross_module_tests.dir/all] Interrupt
make[2]: *** [tests/CMakeFiles/pybind11_tests.dir/build.make:440: tests/CMakeFiles/pybind11_tests.dir/test_sequences_and_iterators.cpp.o] Interrupt
make[2]: *** [tests/CMakeFiles/pybind11_tests.dir/build.make:466: tests/CMakeFiles/pybind11_tests.dir/test_stl.cpp.o] Interrupt
make[2]: *** [tests/CMakeFiles/pybind11_tests.dir/build.make:479: tests/CMakeFiles/pybind11_tests.dir/test_stl_binders.cpp.o] Interrupt
make[1]: *** [CMakeFiles/Makefile2:259: tests/CMakeFiles/pybind11_tests.dir/all] Interrupt
make: *** [Makefile:130: all] Interrupt
