[0.043s] Invoking command in '/home/roy/odri_dev/workspace/build/pybind11': /usr/bin/cmake --build /home/roy/odri_dev/workspace/build/pybind11 -- -j8 -l8
[0.110s] [  4%] Built target cross_module_gil_utils
[0.111s] [  7%] [32mBuilding CXX object tests/CMakeFiles/pybind11_cross_module_tests.dir/pybind11_cross_module_tests.cpp.o[0m
[0.135s] [  9%] [32mBuilding CXX object tests/CMakeFiles/pybind11_tests.dir/test_class.cpp.o[0m
[0.137s] [ 12%] [32mBuilding CXX object tests/CMakeFiles/pybind11_tests.dir/test_local_bindings.cpp.o[0m
[0.138s] [ 14%] [32mBuilding CXX object tests/CMakeFiles/pybind11_tests.dir/test_factory_constructors.cpp.o[0m
[0.146s] [ 17%] [32mBuilding CXX object tests/CMakeFiles/pybind11_tests.dir/test_methods_and_attributes.cpp.o[0m
[0.155s] [ 19%] [32mBuilding CXX object tests/CMakeFiles/pybind11_tests.dir/test_multiple_inheritance.cpp.o[0m
[0.155s] [ 24%] [32mBuilding CXX object tests/CMakeFiles/pybind11_tests.dir/test_operator_overloading.cpp.o[0m
[0.155s] [ 24%] [32mBuilding CXX object tests/CMakeFiles/pybind11_tests.dir/test_numpy_array.cpp.o[0m
[10.119s] [ 26%] [32mBuilding CXX object tests/CMakeFiles/pybind11_tests.dir/test_pickling.cpp.o[0m
[14.181s] [ 29%] [32mBuilding CXX object tests/CMakeFiles/pybind11_tests.dir/test_pytypes.cpp.o[0m
[14.984s] [ 31%] [32mBuilding CXX object tests/CMakeFiles/pybind11_tests.dir/test_sequences_and_iterators.cpp.o[0m
[15.069s] [ 34%] [32mBuilding CXX object tests/CMakeFiles/pybind11_tests.dir/test_smart_ptr.cpp.o[0m
[15.265s] [ 36%] [32mBuilding CXX object tests/CMakeFiles/pybind11_tests.dir/test_stl.cpp.o[0m
[15.912s] [ 39%] [32mBuilding CXX object tests/CMakeFiles/pybind11_tests.dir/test_stl_binders.cpp.o[0m
[17.552s] [ 41%] [32mBuilding CXX object tests/CMakeFiles/pybind11_tests.dir/test_tagbased_polymorphic.cpp.o[0m
[20.198s] make[2]: *** [tests/CMakeFiles/pybind11_tests.dir/build.make:492: tests/CMakeFiles/pybind11_tests.dir/test_tagbased_polymorphic.cpp.o] Interrupt
[20.199s] make[2]: *** [tests/CMakeFiles/pybind11_tests.dir/build.make:297: tests/CMakeFiles/pybind11_tests.dir/test_local_bindings.cpp.o] Interrupt
[20.199s] make[2]: *** [tests/CMakeFiles/pybind11_cross_module_tests.dir/build.make:63: tests/CMakeFiles/pybind11_cross_module_tests.dir/pybind11_cross_module_tests.cpp.o] Interrupt
[20.199s] make[2]: *** [tests/CMakeFiles/pybind11_tests.dir/build.make:427: tests/CMakeFiles/pybind11_tests.dir/test_pytypes.cpp.o] Interrupt
[20.199s] make[2]: *** [tests/CMakeFiles/pybind11_tests.dir/build.make:453: tests/CMakeFiles/pybind11_tests.dir/test_smart_ptr.cpp.o] Interrupt
[20.200s] make[1]: *** [CMakeFiles/Makefile2:232: tests/CMakeFiles/pybind11_cross_module_tests.dir/all] Interrupt
[20.205s] make[2]: *** [tests/CMakeFiles/pybind11_tests.dir/build.make:440: tests/CMakeFiles/pybind11_tests.dir/test_sequences_and_iterators.cpp.o] Interrupt
[20.205s] make[2]: *** [tests/CMakeFiles/pybind11_tests.dir/build.make:466: tests/CMakeFiles/pybind11_tests.dir/test_stl.cpp.o] Interrupt
[20.205s] make[2]: *** [tests/CMakeFiles/pybind11_tests.dir/build.make:479: tests/CMakeFiles/pybind11_tests.dir/test_stl_binders.cpp.o] Interrupt
[20.205s] make[1]: *** [CMakeFiles/Makefile2:259: tests/CMakeFiles/pybind11_tests.dir/all] Interrupt
[20.205s] make: *** [Makefile:130: all] Interrupt
[20.254s] Invoked command in '/home/roy/odri_dev/workspace/build/pybind11' returned '-2': /usr/bin/cmake --build /home/roy/odri_dev/workspace/build/pybind11 -- -j8 -l8
