[0.035s] Invoking command in '/home/roy/odri_dev/workspace/build/pybind11': /usr/bin/cmake --build /home/roy/odri_dev/workspace/build/pybind11 -- -j8 -l8
[0.095s] [  2%] [32mBuilding CXX object tests/CMakeFiles/pybind11_cross_module_tests.dir/pybind11_cross_module_tests.cpp.o[0m
[0.099s] [  4%] [32m[1mLinking CXX shared module /home/roy/odri_dev/workspace/src/pybind11/tests/cross_module_gil_utils.cpython-38-x86_64-linux-gnu.so[0m
[0.128s] [  9%] [32mBuilding CXX object tests/CMakeFiles/pybind11_tests.dir/test_builtin_casters.cpp.o[0m
[0.128s] [  9%] [32mBuilding CXX object tests/CMakeFiles/pybind11_tests.dir/pybind11_tests.cpp.o[0m
[0.130s] [ 12%] [32mBuilding CXX object tests/CMakeFiles/pybind11_tests.dir/test_buffers.cpp.o[0m
[0.134s] [ 14%] [32mBuilding CXX object tests/CMakeFiles/pybind11_tests.dir/test_call_policies.cpp.o[0m
[0.141s] [ 17%] [32mBuilding CXX object tests/CMakeFiles/pybind11_tests.dir/test_chrono.cpp.o[0m
[0.145s] [ 19%] [32mBuilding CXX object tests/CMakeFiles/pybind11_tests.dir/test_callbacks.cpp.o[0m
[4.318s] [ 21%] Built target cross_module_gil_utils
[4.335s] [ 24%] [32mBuilding CXX object tests/CMakeFiles/pybind11_tests.dir/test_class.cpp.o[0m
[5.951s] [ 26%] [32mBuilding CXX object tests/CMakeFiles/pybind11_tests.dir/test_constants_and_functions.cpp.o[0m
[6.886s] [ 29%] [32mBuilding CXX object tests/CMakeFiles/pybind11_tests.dir/test_copy_move.cpp.o[0m
[8.047s] [ 31%] [32mBuilding CXX object tests/CMakeFiles/pybind11_tests.dir/test_docstring_options.cpp.o[0m
[9.502s] [ 34%] [32mBuilding CXX object tests/CMakeFiles/pybind11_tests.dir/test_enum.cpp.o[0m
[10.034s] [ 36%] [32mBuilding CXX object tests/CMakeFiles/pybind11_tests.dir/test_eval.cpp.o[0m
[10.059s] [ 39%] [32mBuilding CXX object tests/CMakeFiles/pybind11_tests.dir/test_exceptions.cpp.o[0m
[13.449s] [ 41%] [32mBuilding CXX object tests/CMakeFiles/pybind11_tests.dir/test_factory_constructors.cpp.o[0m
[13.499s] [ 43%] [32mBuilding CXX object tests/CMakeFiles/pybind11_tests.dir/test_gil_scoped.cpp.o[0m
[14.536s] [ 46%] [32mBuilding CXX object tests/CMakeFiles/pybind11_tests.dir/test_iostream.cpp.o[0m
[15.021s] make[2]: *** [tests/CMakeFiles/pybind11_tests.dir/build.make:258: tests/CMakeFiles/pybind11_tests.dir/test_gil_scoped.cpp.o] Interrupt
[15.021s] make[2]: *** [tests/CMakeFiles/pybind11_tests.dir/build.make:180: tests/CMakeFiles/pybind11_tests.dir/test_copy_move.cpp.o] Interrupt
[15.021s] make[2]: *** [tests/CMakeFiles/pybind11_tests.dir/build.make:206: tests/CMakeFiles/pybind11_tests.dir/test_enum.cpp.o] Interrupt
[15.022s] make[2]: *** [tests/CMakeFiles/pybind11_tests.dir/build.make:232: tests/CMakeFiles/pybind11_tests.dir/test_exceptions.cpp.o] Interrupt
[15.022s] make[2]: *** [tests/CMakeFiles/pybind11_tests.dir/build.make:245: tests/CMakeFiles/pybind11_tests.dir/test_factory_constructors.cpp.o] Interrupt
[15.022s] make[2]: *** [tests/CMakeFiles/pybind11_cross_module_tests.dir/build.make:63: tests/CMakeFiles/pybind11_cross_module_tests.dir/pybind11_cross_module_tests.cpp.o] Interrupt
[15.022s] make[2]: *** [tests/CMakeFiles/pybind11_tests.dir/build.make:154: tests/CMakeFiles/pybind11_tests.dir/test_class.cpp.o] Interrupt
[15.022s] make[1]: *** [CMakeFiles/Makefile2:232: tests/CMakeFiles/pybind11_cross_module_tests.dir/all] Interrupt
[15.022s] make[2]: *** [tests/CMakeFiles/pybind11_tests.dir/build.make:271: tests/CMakeFiles/pybind11_tests.dir/test_iostream.cpp.o] Interrupt
[15.022s] make[1]: *** [CMakeFiles/Makefile2:259: tests/CMakeFiles/pybind11_tests.dir/all] Interrupt
[15.022s] make: *** [Makefile:130: all] Interrupt
