[0.059s] Invoking command in '/home/roy/odri_dev/workspace/build/googletest-distribution': /usr/bin/cmake --build /home/roy/odri_dev/workspace/build/googletest-distribution -- -j8 -l8
[0.117s] [ 12%] [32mBuilding CXX object googletest/CMakeFiles/gtest.dir/src/gtest-all.cc.o[0m
[9.945s] make[2]: *** [googletest/CMakeFiles/gtest.dir/build.make:63: googletest/CMakeFiles/gtest.dir/src/gtest-all.cc.o] Interrupt
[9.950s] make[1]: *** [CMakeFiles/Makefile2:200: googletest/CMakeFiles/gtest.dir/all] Interrupt
[9.950s] make: *** [Makefile:141: all] Interrupt
[10.006s] Invoked command in '/home/roy/odri_dev/workspace/build/googletest-distribution' returned '-2': /usr/bin/cmake --build /home/roy/odri_dev/workspace/build/googletest-distribution -- -j8 -l8
