[0.081s] Invoking command in '/home/roy/odri_dev/workspace/build/pybind11': /usr/bin/cmake /home/roy/odri_dev/workspace/src/pybind11 -DCMAKE_INSTALL_PREFIX=/home/roy/odri_dev/workspace/install/pybind11
[0.482s] -- Building tests with Eigen v3.3.7
[0.516s] -- Found Boost: /usr/lib/x86_64-linux-gnu/cmake/Boost-1.71.0/BoostConfig.cmake (found suitable version "1.71.0", minimum required is "1.56")  
[0.532s] -- Catch not detected. Interpreter tests will be skipped. Install Catch headers manually or use `cmake -DDOWNLOAD_CATCH=1` to fetch them automatically.
[0.548s] -- pybind11 v2.5.0
[0.556s] -- Configuring done
[0.640s] -- Generating done
[0.653s] -- Build files have been written to: /home/roy/odri_dev/workspace/build/pybind11
[0.660s] Invoked command in '/home/roy/odri_dev/workspace/build/pybind11' returned '0': /usr/bin/cmake /home/roy/odri_dev/workspace/src/pybind11 -DCMAKE_INSTALL_PREFIX=/home/roy/odri_dev/workspace/install/pybind11
[0.669s] Invoking command in '/home/roy/odri_dev/workspace/build/pybind11': /usr/bin/cmake --build /home/roy/odri_dev/workspace/build/pybind11 -- -j8 -l8
[0.778s] [35m[1mScanning dependencies of target pybind11_cross_module_tests[0m
[0.779s] [35m[1mScanning dependencies of target cross_module_gil_utils[0m
[0.810s] [  2%] [32mBuilding CXX object tests/CMakeFiles/cross_module_gil_utils.dir/cross_module_gil_utils.cpp.o[0m
[0.816s] [35m[1mScanning dependencies of target pybind11_tests[0m
[0.816s] [  4%] [32mBuilding CXX object tests/CMakeFiles/pybind11_cross_module_tests.dir/pybind11_cross_module_tests.cpp.o[0m
[1.110s] [  9%] [32mBuilding CXX object tests/CMakeFiles/pybind11_tests.dir/test_async.cpp.o[0m
[1.111s] [  9%] [32mBuilding CXX object tests/CMakeFiles/pybind11_tests.dir/pybind11_tests.cpp.o[0m
[1.111s] [ 11%] [32mBuilding CXX object tests/CMakeFiles/pybind11_tests.dir/test_buffers.cpp.o[0m
[1.120s] [ 14%] [32mBuilding CXX object tests/CMakeFiles/pybind11_tests.dir/test_callbacks.cpp.o[0m
[1.120s] [ 16%] [32mBuilding CXX object tests/CMakeFiles/pybind11_tests.dir/test_builtin_casters.cpp.o[0m
[1.152s] [ 19%] [32mBuilding CXX object tests/CMakeFiles/pybind11_tests.dir/test_call_policies.cpp.o[0m
[12.461s] [ 21%] [32m[1mLinking CXX shared module /home/roy/odri_dev/workspace/src/pybind11/tests/cross_module_gil_utils.cpython-38-x86_64-linux-gnu.so[0m
[13.868s] [ 23%] [32mBuilding CXX object tests/CMakeFiles/pybind11_tests.dir/test_chrono.cpp.o[0m
[14.766s] [ 26%] [32mBuilding CXX object tests/CMakeFiles/pybind11_tests.dir/test_class.cpp.o[0m
[17.697s] [ 28%] [32mBuilding CXX object tests/CMakeFiles/pybind11_tests.dir/test_constants_and_functions.cpp.o[0m
[20.810s] [ 30%] [32mBuilding CXX object tests/CMakeFiles/pybind11_tests.dir/test_copy_move.cpp.o[0m
[21.547s] [ 33%] [32mBuilding CXX object tests/CMakeFiles/pybind11_tests.dir/test_docstring_options.cpp.o[0m
[21.950s] [ 33%] Built target cross_module_gil_utils
[22.036s] [ 35%] [32mBuilding CXX object tests/CMakeFiles/pybind11_tests.dir/test_eigen.cpp.o[0m
[22.681s] [ 38%] [32mBuilding CXX object tests/CMakeFiles/pybind11_tests.dir/test_enum.cpp.o[0m
[28.327s] [ 40%] [32mBuilding CXX object tests/CMakeFiles/pybind11_tests.dir/test_eval.cpp.o[0m
[30.658s] make[2]: *** [tests/CMakeFiles/pybind11_tests.dir/build.make:219: tests/CMakeFiles/pybind11_tests.dir/test_enum.cpp.o] Interrupt
[30.659s] make[2]: *** [tests/CMakeFiles/pybind11_tests.dir/build.make:180: tests/CMakeFiles/pybind11_tests.dir/test_copy_move.cpp.o] Interrupt
[30.660s] make[2]: *** [tests/CMakeFiles/pybind11_cross_module_tests.dir/build.make:63: tests/CMakeFiles/pybind11_cross_module_tests.dir/pybind11_cross_module_tests.cpp.o] Interrupt
[30.661s] make[2]: *** [tests/CMakeFiles/pybind11_tests.dir/build.make:206: tests/CMakeFiles/pybind11_tests.dir/test_eigen.cpp.o] Interrupt
[30.661s] make[2]: *** [tests/CMakeFiles/pybind11_tests.dir/build.make:167: tests/CMakeFiles/pybind11_tests.dir/test_constants_and_functions.cpp.o] Interrupt
[30.661s] make[2]: *** [tests/CMakeFiles/pybind11_tests.dir/build.make:193: tests/CMakeFiles/pybind11_tests.dir/test_docstring_options.cpp.o] Interrupt
[30.670s] make[2]: *** [tests/CMakeFiles/pybind11_tests.dir/build.make:232: tests/CMakeFiles/pybind11_tests.dir/test_eval.cpp.o] Interrupt
[30.670s] make[2]: *** [tests/CMakeFiles/pybind11_tests.dir/build.make:154: tests/CMakeFiles/pybind11_tests.dir/test_class.cpp.o] Interrupt
[30.671s] make[1]: *** [CMakeFiles/Makefile2:232: tests/CMakeFiles/pybind11_cross_module_tests.dir/all] Interrupt
[30.671s] make[1]: *** [CMakeFiles/Makefile2:259: tests/CMakeFiles/pybind11_tests.dir/all] Interrupt
[30.675s] make: *** [Makefile:130: all] Interrupt
[30.739s] Invoked command in '/home/roy/odri_dev/workspace/build/pybind11' returned '-2': /usr/bin/cmake --build /home/roy/odri_dev/workspace/build/pybind11 -- -j8 -l8
