[  2%] [32mBuilding CXX object tests/CMakeFiles/pybind11_cross_module_tests.dir/pybind11_cross_module_tests.cpp.o[0m
[  7%] Built target cross_module_gil_utils
[  9%] [32mBuilding CXX object tests/CMakeFiles/pybind11_tests.dir/test_class.cpp.o[0m
[ 12%] [32mBuilding CXX object tests/CMakeFiles/pybind11_tests.dir/test_factory_constructors.cpp.o[0m
[ 14%] [32mBuilding CXX object tests/CMakeFiles/pybind11_tests.dir/test_numpy_array.cpp.o[0m
[ 17%] [32mBuilding CXX object tests/CMakeFiles/pybind11_tests.dir/test_local_bindings.cpp.o[0m
[ 19%] [32mBuilding CXX object tests/CMakeFiles/pybind11_tests.dir/test_numpy_vectorize.cpp.o[0m
[ 21%] [32mBuilding CXX object tests/CMakeFiles/pybind11_tests.dir/test_methods_and_attributes.cpp.o[0m
[ 24%] [32mBuilding CXX object tests/CMakeFiles/pybind11_tests.dir/test_multiple_inheritance.cpp.o[0m
[ 26%] [32mBuilding CXX object tests/CMakeFiles/pybind11_tests.dir/test_opaque_types.cpp.o[0m
make[2]: *** [tests/CMakeFiles/pybind11_tests.dir/build.make:154: tests/CMakeFiles/pybind11_tests.dir/test_class.cpp.o] Interrupt
make[2]: *** [tests/CMakeFiles/pybind11_tests.dir/build.make:349: tests/CMakeFiles/pybind11_tests.dir/test_numpy_array.cpp.o] Interrupt
make[2]: *** [tests/CMakeFiles/pybind11_tests.dir/build.make:310: tests/CMakeFiles/pybind11_tests.dir/test_methods_and_attributes.cpp.o] Interrupt
make[2]: *** [tests/CMakeFiles/pybind11_tests.dir/build.make:336: tests/CMakeFiles/pybind11_tests.dir/test_multiple_inheritance.cpp.o] Interrupt
make[2]: *** [tests/CMakeFiles/pybind11_tests.dir/build.make:388: tests/CMakeFiles/pybind11_tests.dir/test_opaque_types.cpp.o] Interrupt
make[2]: *** wait: No child processes.  Stop.
make[2]: *** Waiting for unfinished jobs....
make[2]: *** wait: No child processes.  Stop.
make[2]: *** [tests/CMakeFiles/pybind11_tests.dir/build.make:245: tests/CMakeFiles/pybind11_tests.dir/test_factory_constructors.cpp.o] Interrupt
make[2]: *** [tests/CMakeFiles/pybind11_tests.dir/build.make:297: tests/CMakeFiles/pybind11_tests.dir/test_local_bindings.cpp.o] Interrupt
make[1]: *** [CMakeFiles/Makefile2:232: tests/CMakeFiles/pybind11_cross_module_tests.dir/all] Error 2
make[1]: *** [CMakeFiles/Makefile2:259: tests/CMakeFiles/pybind11_tests.dir/all] Interrupt
make: *** [Makefile:130: all] Interrupt
