[0.039s] Invoking command in '/home/roy/odri_dev/workspace/build/pybind11': /usr/bin/cmake --build /home/roy/odri_dev/workspace/build/pybind11 -- -j8 -l8
[0.099s] [  2%] [32mBuilding CXX object tests/CMakeFiles/pybind11_cross_module_tests.dir/pybind11_cross_module_tests.cpp.o[0m
[0.109s] [  7%] Built target cross_module_gil_utils
[0.149s] [  9%] [32mBuilding CXX object tests/CMakeFiles/pybind11_tests.dir/test_class.cpp.o[0m
[0.161s] [ 14%] [32mBuilding CXX object tests/CMakeFiles/pybind11_tests.dir/test_exceptions.cpp.o[0m
[0.162s] [ 14%] [32mBuilding CXX object tests/CMakeFiles/pybind11_tests.dir/test_copy_move.cpp.o[0m
[0.162s] [ 17%] [32mBuilding CXX object tests/CMakeFiles/pybind11_tests.dir/test_enum.cpp.o[0m
[0.163s] [ 19%] [32mBuilding CXX object tests/CMakeFiles/pybind11_tests.dir/test_iostream.cpp.o[0m
[0.163s] [ 21%] [32mBuilding CXX object tests/CMakeFiles/pybind11_tests.dir/test_gil_scoped.cpp.o[0m
[0.163s] [ 24%] [32mBuilding CXX object tests/CMakeFiles/pybind11_tests.dir/test_factory_constructors.cpp.o[0m
[5.494s] [ 26%] [32mBuilding CXX object tests/CMakeFiles/pybind11_tests.dir/test_kwargs_and_defaults.cpp.o[0m
[5.867s] [ 29%] [32mBuilding CXX object tests/CMakeFiles/pybind11_tests.dir/test_local_bindings.cpp.o[0m
[7.295s] [ 31%] [32mBuilding CXX object tests/CMakeFiles/pybind11_tests.dir/test_methods_and_attributes.cpp.o[0m
[9.722s] [ 34%] [32mBuilding CXX object tests/CMakeFiles/pybind11_tests.dir/test_modules.cpp.o[0m
[10.333s] [ 36%] [32mBuilding CXX object tests/CMakeFiles/pybind11_tests.dir/test_multiple_inheritance.cpp.o[0m
[13.921s] [ 39%] [32mBuilding CXX object tests/CMakeFiles/pybind11_tests.dir/test_numpy_array.cpp.o[0m
[15.701s] make[2]: *** [tests/CMakeFiles/pybind11_tests.dir/build.make:310: tests/CMakeFiles/pybind11_tests.dir/test_methods_and_attributes.cpp.o] Interrupt
[15.701s] make[2]: *** [tests/CMakeFiles/pybind11_tests.dir/build.make:245: tests/CMakeFiles/pybind11_tests.dir/test_factory_constructors.cpp.o] Interrupt
[15.702s] make[2]: *** [tests/CMakeFiles/pybind11_tests.dir/build.make:154: tests/CMakeFiles/pybind11_tests.dir/test_class.cpp.o] Interrupt
[15.702s] make[2]: *** [tests/CMakeFiles/pybind11_tests.dir/build.make:297: tests/CMakeFiles/pybind11_tests.dir/test_local_bindings.cpp.o] Interrupt
[15.702s] make[2]: *** [tests/CMakeFiles/pybind11_tests.dir/build.make:323: tests/CMakeFiles/pybind11_tests.dir/test_modules.cpp.o] Interrupt
[15.702s] make[2]: *** [tests/CMakeFiles/pybind11_tests.dir/build.make:336: tests/CMakeFiles/pybind11_tests.dir/test_multiple_inheritance.cpp.o] Interrupt
[15.702s] make[2]: *** [tests/CMakeFiles/pybind11_tests.dir/build.make:349: tests/CMakeFiles/pybind11_tests.dir/test_numpy_array.cpp.o] Interrupt
[15.702s] make[2]: *** [tests/CMakeFiles/pybind11_cross_module_tests.dir/build.make:63: tests/CMakeFiles/pybind11_cross_module_tests.dir/pybind11_cross_module_tests.cpp.o] Interrupt
[15.702s] make[1]: *** [CMakeFiles/Makefile2:259: tests/CMakeFiles/pybind11_tests.dir/all] Interrupt
[15.702s] make[1]: *** [CMakeFiles/Makefile2:232: tests/CMakeFiles/pybind11_cross_module_tests.dir/all] Interrupt
[15.703s] make: *** [Makefile:130: all] Interrupt
[15.756s] Invoked command in '/home/roy/odri_dev/workspace/build/pybind11' returned '-2': /usr/bin/cmake --build /home/roy/odri_dev/workspace/build/pybind11 -- -j8 -l8
