[0.040s] Invoking command in '/home/roy/odri_dev/workspace/build/pybind11': /usr/bin/cmake --build /home/roy/odri_dev/workspace/build/pybind11 -- -j8 -l8
[0.090s] [  2%] [32mBuilding CXX object tests/CMakeFiles/pybind11_cross_module_tests.dir/pybind11_cross_module_tests.cpp.o[0m
[0.099s] [  7%] Built target cross_module_gil_utils
[0.141s] [ 14%] [32mBuilding CXX object tests/CMakeFiles/pybind11_tests.dir/test_local_bindings.cpp.o[0m
[0.141s] [ 14%] [32mBuilding CXX object tests/CMakeFiles/pybind11_tests.dir/test_factory_constructors.cpp.o[0m
[0.141s] [ 14%] [32mBuilding CXX object tests/CMakeFiles/pybind11_tests.dir/test_class.cpp.o[0m
[0.141s] [ 17%] [32mBuilding CXX object tests/CMakeFiles/pybind11_tests.dir/test_multiple_inheritance.cpp.o[0m
[0.149s] [ 19%] [32mBuilding CXX object tests/CMakeFiles/pybind11_tests.dir/test_numpy_array.cpp.o[0m
[0.152s] [ 21%] [32mBuilding CXX object tests/CMakeFiles/pybind11_tests.dir/test_methods_and_attributes.cpp.o[0m
[0.162s] [ 24%] [32mBuilding CXX object tests/CMakeFiles/pybind11_tests.dir/test_opaque_types.cpp.o[0m
[8.348s] [ 26%] [32mBuilding CXX object tests/CMakeFiles/pybind11_tests.dir/test_operator_overloading.cpp.o[0m
[9.052s] make[2]: *** [tests/CMakeFiles/pybind11_tests.dir/build.make:401: tests/CMakeFiles/pybind11_tests.dir/test_operator_overloading.cpp.o] Interrupt
[9.052s] make[2]: *** [tests/CMakeFiles/pybind11_tests.dir/build.make:154: tests/CMakeFiles/pybind11_tests.dir/test_class.cpp.o] Interrupt
[9.052s] make[2]: *** [tests/CMakeFiles/pybind11_tests.dir/build.make:245: tests/CMakeFiles/pybind11_tests.dir/test_factory_constructors.cpp.o] Interrupt
[9.053s] make[2]: *** [tests/CMakeFiles/pybind11_tests.dir/build.make:297: tests/CMakeFiles/pybind11_tests.dir/test_local_bindings.cpp.o] Interrupt
[9.053s] make[2]: *** [tests/CMakeFiles/pybind11_tests.dir/build.make:336: tests/CMakeFiles/pybind11_tests.dir/test_multiple_inheritance.cpp.o] Interrupt
[9.053s] make[2]: *** [tests/CMakeFiles/pybind11_tests.dir/build.make:349: tests/CMakeFiles/pybind11_tests.dir/test_numpy_array.cpp.o] Interrupt
[9.053s] make[2]: *** [tests/CMakeFiles/pybind11_tests.dir/build.make:310: tests/CMakeFiles/pybind11_tests.dir/test_methods_and_attributes.cpp.o] Interrupt
[9.053s] make[2]: *** [tests/CMakeFiles/pybind11_cross_module_tests.dir/build.make:63: tests/CMakeFiles/pybind11_cross_module_tests.dir/pybind11_cross_module_tests.cpp.o] Interrupt
[9.053s] make[1]: *** [CMakeFiles/Makefile2:259: tests/CMakeFiles/pybind11_tests.dir/all] Interrupt
[9.053s] make[1]: *** [CMakeFiles/Makefile2:232: tests/CMakeFiles/pybind11_cross_module_tests.dir/all] Interrupt
[9.054s] make: *** [Makefile:130: all] Interrupt
