[0.071s] Invoking command in '/home/roy/odri_dev/workspace/build/googletest-distribution': /usr/bin/cmake --build /home/roy/odri_dev/workspace/build/googletest-distribution -- -j8 -l8
[0.134s] [ 12%] [32mBuilding CXX object googletest/CMakeFiles/gtest.dir/src/gtest-all.cc.o[0m
[10.885s] make[2]: *** wait: No child processes.  Stop.
[10.885s] make[2]: *** Waiting for unfinished jobs....
[10.885s] make[2]: *** wait: No child processes.  Stop.
[10.885s] make[1]: *** [CMakeFiles/Makefile2:200: googletest/CMakeFiles/gtest.dir/all] Error 2
[10.885s] make: *** [Makefile:141: all] Interrupt
